<?xml version="1.0" encoding="UTF-8"?>
<!-- Generated by org.testng.reporters.JUnitXMLReporter -->
<testsuite hostname="DESKTOP-F4SAQTQ" ignored="0" name="Default test" tests="23" failures="0" timestamp="2020-06-24T21:09:56 CEST" time="63.741" errors="0">
  <testcase name="Test1" time="2.778" classname="project.WoTTank"/>
  <testcase name="Test10" time="1.437" classname="project.WoTTank"/>
  <testcase name="Test11" time="0.983" classname="project.WoTTank"/>
  <testcase name="Test12" time="1.002" classname="project.WoTTank"/>
  <testcase name="Test13" time="1.327" classname="project.WoTTank"/>
  <testcase name="Test14" time="1.917" classname="project.WoTTank"/>
  <testcase name="Test15" time="1.088" classname="project.WoTTank"/>
  <testcase name="Test16" time="2.627" classname="project.WoTTank"/>
  <testcase name="Test17" time="1.063" classname="project.WoTTank"/>
  <testcase name="Test18" time="2.75" classname="project.WoTTank"/>
  <testcase name="Test19" time="1.574" classname="project.WoTTank"/>
  <testcase name="Test2" time="2.894" classname="project.WoTTank"/>
  <testcase name="Test20" time="1.679" classname="project.WoTTank"/>
  <testcase name="Test21" time="4.249" classname="project.WoTTank"/>
  <testcase name="Test22" time="3.615" classname="project.WoTTank"/>
  <testcase name="Test23" time="0.953" classname="project.WoTTank"/>
  <testcase name="Test3" time="1.44" classname="project.WoTTank"/>
  <testcase name="Test4" time="1.809" classname="project.WoTTank"/>
  <testcase name="Test5" time="2.964" classname="project.WoTTank"/>
  <testcase name="Test6" time="5.184" classname="project.WoTTank"/>
  <testcase name="Test7" time="2.683" classname="project.WoTTank"/>
  <testcase name="Test8" time="1.465" classname="project.WoTTank"/>
  <testcase name="Test9" time="0.521" classname="project.WoTTank"/>
</testsuite> <!-- Default test -->
